[0m13:45:22.887115 [debug] [MainThread]: Sending event: {'category': 'dbt', 'action': 'invocation', 'label': 'start', 'context': [<snowplow_tracker.self_describing_json.SelfDescribingJson object at 0x106708550>, <snowplow_tracker.self_describing_json.SelfDescribingJson object at 0x10673dfd0>, <snowplow_tracker.self_describing_json.SelfDescribingJson object at 0x10673e9d0>]}


============================== 13:45:22.889424 | 28a8585b-9b4e-4bfd-8bd1-a2524533f79a ==============================
[0m13:45:22.889424 [info ] [MainThread]: Running with dbt=1.7.11
[0m13:45:22.889785 [debug] [MainThread]: running dbt with arguments {'printer_width': '80', 'indirect_selection': 'eager', 'write_json': 'True', 'log_cache_events': 'False', 'partial_parse': 'True', 'cache_selected_only': 'False', 'warn_error': 'None', 'debug': 'False', 'version_check': 'True', 'log_path': 'logs', 'fail_fast': 'False', 'profiles_dir': '/Users/btoukam/.dbt', 'use_colors': 'True', 'use_experimental_parser': 'False', 'no_print': 'None', 'quiet': 'False', 'warn_error_options': 'WarnErrorOptions(include=[], exclude=[])', 'invocation_command': 'dbt init', 'introspect': 'True', 'static_parser': 'True', 'target_path': 'None', 'log_format': 'default', 'send_anonymous_usage_stats': 'True'}
[0m13:47:28.983285 [debug] [MainThread]: Starter project path: /Users/btoukam/PycharmProjects/BigQueryDBT/.venv/lib/python3.11/site-packages/dbt/include/starter_project
[0m13:47:28.987827 [info ] [MainThread]: 
Your new dbt project "Sales_Project" was created!

For more information on how to configure the profiles.yml file,
please consult the dbt documentation here:

  https://docs.getdbt.com/docs/configure-your-profile

One more thing:

Need help? Don't hesitate to reach out to us via GitHub issues or on Slack:

  https://community.getdbt.com/

Happy modeling!

[0m13:47:28.988037 [info ] [MainThread]: Setting up your profile.
[0m13:49:05.196629 [info ] [MainThread]: Profile Sales_Project written to /Users/btoukam/.dbt/profiles.yml using target's profile_template.yml and your supplied values. Run 'dbt debug' to validate the connection.
[0m13:49:05.199031 [debug] [MainThread]: Resource report: {"command_name": "init", "command_success": true, "command_wall_clock_time": 222.339, "process_user_time": 1.775843, "process_kernel_time": 0.997005, "process_mem_max_rss": "186957824", "process_in_blocks": "0", "process_out_blocks": "0"}
[0m13:49:05.199304 [debug] [MainThread]: Command `dbt init` succeeded at 13:49:05.199242 after 222.34 seconds
[0m13:49:05.199472 [debug] [MainThread]: Sending event: {'category': 'dbt', 'action': 'invocation', 'label': 'end', 'context': [<snowplow_tracker.self_describing_json.SelfDescribingJson object at 0x1061e1050>, <snowplow_tracker.self_describing_json.SelfDescribingJson object at 0x1066d0750>, <snowplow_tracker.self_describing_json.SelfDescribingJson object at 0x10225db50>]}
[0m13:49:05.199699 [debug] [MainThread]: Flushing usage events
